# JRE version: Java(TM) SE Runtime Environment (17.0.9+11) (build 17.0.9+11-LTS-201)
# Java VM: Java HotSpot(TM) 64-Bit Server VM (17.0.9+11-LTS-201, mixed mode, emulated-client, sharing, tiered, compressed oops, compressed class ptrs, g1 gc, windows-amd64)
GC Precious Log:
 CPUs: 16 total, 16 available
 Memory: 16317M
 Large Page Support: Disabled
 NUMA Support: Disabled
 Compressed Oops: Enabled (Zero based)
 Heap Region Size: 2M
 Heap Min Capacity: 8M
 Heap Initial Capacity: 256M
 Heap Max Capacity: 4080M
 Pre-touch: Disabled
 Parallel Workers: 13
 Concurrent Workers: 3
 Concurrent Refinement Workers: 13
 Periodic GC: Disabled
Heap:
 garbage-first heap   total 102400K, used 48451K [0x0000000701000000, 0x0000000800000000)
  region size 2048K, 7 young (14336K), 2 survivors (4096K)
 Metaspace       used 65116K, committed 65664K, reserved 1114112K
  class space    used 9310K, committed 9536K, reserved 1048576K
GC Heap History (20 events):
Event: 4.142 GC heap before
{Heap before GC invocations=10 (full 0):
 garbage-first heap   total 83968K, used 33699K [0x0000000701000000, 0x0000000800000000)
  region size 2048K, 7 young (14336K), 3 survivors (6144K)
 Metaspace       used 35766K, committed 36160K, reserved 1114112K
  class space    used 4980K, committed 5184K, reserved 1048576K
}
Event: 4.144 GC heap after
{Heap after GC invocations=11 (full 0):
 garbage-first heap   total 83968K, used 28316K [0x0000000701000000, 0x0000000800000000)
  region size 2048K, 1 young (2048K), 1 survivors (2048K)
 Metaspace       used 35766K, committed 36160K, reserved 1114112K
  class space    used 4980K, committed 5184K, reserved 1048576K
}
Event: 4.483 GC heap before
{Heap before GC invocations=12 (full 0):
 garbage-first heap   total 83968K, used 56988K [0x0000000701000000, 0x0000000800000000)
  region size 2048K, 16 young (32768K), 1 survivors (2048K)
 Metaspace       used 39719K, committed 40192K, reserved 1114112K
  class space    used 5592K, committed 5824K, reserved 1048576K
}
Event: 4.485 GC heap after
{Heap after GC invocations=13 (full 0):
 garbage-first heap   total 83968K, used 29194K [0x0000000701000000, 0x0000000800000000)
  region size 2048K, 1 young (2048K), 1 survivors (2048K)
 Metaspace       used 39719K, committed 40192K, reserved 1114112K
  class space    used 5592K, committed 5824K, reserved 1048576K
}
Event: 6.485 GC heap before
{Heap before GC invocations=13 (full 0):
 garbage-first heap   total 83968K, used 61962K [0x0000000701000000, 0x0000000800000000)
  region size 2048K, 17 young (34816K), 1 survivors (2048K)
 Metaspace       used 48990K, committed 49472K, reserved 1114112K
  class space    used 6804K, committed 7040K, reserved 1048576K
}
Event: 6.488 GC heap after
{Heap after GC invocations=14 (full 0):
 garbage-first heap   total 83968K, used 30947K [0x0000000701000000, 0x0000000800000000)
  region size 2048K, 2 young (4096K), 2 survivors (4096K)
 Metaspace       used 48990K, committed 49472K, reserved 1114112K
  class space    used 6804K, committed 7040K, reserved 1048576K
}
Event: 7.015 GC heap before
{Heap before GC invocations=14 (full 0):
 garbage-first heap   total 83968K, used 61667K [0x0000000701000000, 0x0000000800000000)
  region size 2048K, 17 young (34816K), 2 survivors (4096K)
 Metaspace       used 52854K, committed 53376K, reserved 1114112K
  class space    used 7357K, committed 7616K, reserved 1048576K
}
Event: 7.018 GC heap after
{Heap after GC invocations=15 (full 0):
 garbage-first heap   total 83968K, used 32767K [0x0000000701000000, 0x0000000800000000)
  region size 2048K, 3 young (6144K), 3 survivors (6144K)
 Metaspace       used 52854K, committed 53376K, reserved 1114112K
  class space    used 7357K, committed 7616K, reserved 1048576K
}
Event: 7.403 GC heap before
{Heap before GC invocations=15 (full 0):
 garbage-first heap   total 83968K, used 63487K [0x0000000701000000, 0x0000000800000000)
  region size 2048K, 18 young (36864K), 3 survivors (6144K)
 Metaspace       used 58389K, committed 58880K, reserved 1114112K
  class space    used 8309K, committed 8512K, reserved 1048576K
}
Event: 7.406 GC heap after
{Heap after GC invocations=16 (full 0):
 garbage-first heap   total 83968K, used 33813K [0x0000000701000000, 0x0000000800000000)
  region size 2048K, 2 young (4096K), 2 survivors (4096K)
 Metaspace       used 58389K, committed 58880K, reserved 1114112K
  class space    used 8309K, committed 8512K, reserved 1048576K
}
Event: 7.626 GC heap before
{Heap before GC invocations=16 (full 0):
 garbage-first heap   total 83968K, used 62485K [0x0000000701000000, 0x0000000800000000)
  region size 2048K, 17 young (34816K), 2 survivors (4096K)
 Metaspace       used 59801K, committed 60352K, reserved 1114112K
  class space    used 8512K, committed 8768K, reserved 1048576K
}
Event: 7.628 GC heap after
{Heap after GC invocations=17 (full 0):
 garbage-first heap   total 83968K, used 34555K [0x0000000701000000, 0x0000000800000000)
  region size 2048K, 2 young (4096K), 2 survivors (4096K)
 Metaspace       used 59801K, committed 60352K, reserved 1114112K
  class space    used 8512K, committed 8768K, reserved 1048576K
}
Event: 7.630 GC heap before
{Heap before GC invocations=17 (full 0):
 garbage-first heap   total 83968K, used 34555K [0x0000000701000000, 0x0000000800000000)
  region size 2048K, 3 young (6144K), 2 survivors (4096K)
 Metaspace       used 59925K, committed 60416K, reserved 1114112K
  class space    used 8512K, committed 8768K, reserved 1048576K
}
Event: 7.632 GC heap after
{Heap after GC invocations=18 (full 0):
 garbage-first heap   total 83968K, used 34559K [0x0000000701000000, 0x0000000800000000)
  region size 2048K, 1 young (2048K), 1 survivors (2048K)
 Metaspace       used 59925K, committed 60416K, reserved 1114112K
  class space    used 8512K, committed 8768K, reserved 1048576K
}
Event: 17.786 GC heap before
{Heap before GC invocations=19 (full 0):
 garbage-first heap   total 83968K, used 65279K [0x0000000701000000, 0x0000000800000000)
  region size 2048K, 17 young (34816K), 1 survivors (2048K)
 Metaspace       used 63008K, committed 63552K, reserved 1114112K
  class space    used 8984K, committed 9216K, reserved 1048576K
}
Event: 17.788 GC heap after
{Heap after GC invocations=20 (full 0):
 garbage-first heap   total 83968K, used 38020K [0x0000000701000000, 0x0000000800000000)
  region size 2048K, 3 young (6144K), 3 survivors (6144K)
 Metaspace       used 63008K, committed 63552K, reserved 1114112K
  class space    used 8984K, committed 9216K, reserved 1048576K
}
Event: 17.975 GC heap before
{Heap before GC invocations=20 (full 0):
 garbage-first heap   total 83968K, used 64644K [0x0000000701000000, 0x0000000800000000)
  region size 2048K, 16 young (32768K), 3 survivors (6144K)
 Metaspace       used 64836K, committed 65408K, reserved 1114112K
  class space    used 9278K, committed 9536K, reserved 1048576K
}
Event: 17.978 GC heap after
{Heap after GC invocations=21 (full 0):
 garbage-first heap   total 83968K, used 39401K [0x0000000701000000, 0x0000000800000000)
  region size 2048K, 1 young (2048K), 1 survivors (2048K)
 Metaspace       used 64836K, committed 65408K, reserved 1114112K
  class space    used 9278K, committed 9536K, reserved 1048576K
}
Event: 18.093 GC heap before
{Heap before GC invocations=21 (full 0):
 garbage-first heap   total 83968K, used 63977K [0x0000000701000000, 0x0000000800000000)
  region size 2048K, 13 young (26624K), 1 survivors (2048K)
 Metaspace       used 64951K, committed 65536K, reserved 1114112K
  class space    used 9288K, committed 9536K, reserved 1048576K
}
Event: 18.094 GC heap after
{Heap after GC invocations=22 (full 0):
 garbage-first heap   total 102400K, used 40259K [0x0000000701000000, 0x0000000800000000)
  region size 2048K, 2 young (4096K), 2 survivors (4096K)
 Metaspace       used 64951K, committed 65536K, reserved 1114112K
  class space    used 9288K, committed 9536K, reserved 1048576K
}

